<?xml version="1.0" encoding="UTF-8"?>
<testsuite xmlns:xsi="http://www.w3.org/2001/XMLSchema-instance" xsi:noNamespaceSchemaLocation="https://maven.apache.org/surefire/maven-surefire-plugin/xsd/surefire-test-report.xsd" name="vn.edu.vtc.dal.CustomerDalTest" time="4.016" tests="40" errors="0" skipped="0" failures="0">
  <properties>
    <property name="java.specification.version" value="13"/>
    <property name="sun.cpu.isalist" value="amd64"/>
    <property name="sun.jnu.encoding" value="Cp1252"/>
    <property name="java.class.path" value="C:\Users\tuyet tuyet\Desktop\project-group1\PROJECT-SEM1-BOOKSTORE\Bookstore\target\test-classes;C:\Users\tuyet tuyet\Desktop\project-group1\PROJECT-SEM1-BOOKSTORE\Bookstore\target\classes;C:\Users\tuyet tuyet\.m2\repository\junit\junit\4.11\junit-4.11.jar;C:\Users\tuyet tuyet\.m2\repository\org\hamcrest\hamcrest-core\1.3\hamcrest-core-1.3.jar;C:\Users\tuyet tuyet\.m2\repository\mysql\mysql-connector-java\8.0.18\mysql-connector-java-8.0.18.jar;C:\Users\tuyet tuyet\.m2\repository\com\google\protobuf\protobuf-java\3.6.1\protobuf-java-3.6.1.jar;"/>
    <property name="java.vm.vendor" value="Oracle Corporation"/>
    <property name="sun.arch.data.model" value="64"/>
    <property name="user.variant" value=""/>
    <property name="java.vendor.url" value="https://java.oracle.com/"/>
    <property name="user.timezone" value="Asia/Saigon"/>
    <property name="os.name" value="Windows 10"/>
    <property name="java.vm.specification.version" value="13"/>
    <property name="sun.java.launcher" value="SUN_STANDARD"/>
    <property name="user.country" value="US"/>
    <property name="sun.boot.library.path" value="C:\Program Files\Java\jdk-13.0.1\bin"/>
    <property name="sun.java.command" value="C:\Users\TUYETT~1\AppData\Local\Temp\surefire9093000012626160064\surefirebooter8936572434123768360.jar C:\Users\tuyet tuyet\AppData\Local\Temp\surefire9093000012626160064 2020-09-17T18-20-03_018-jvmRun1 surefire362558271862374852tmp surefire_08077861544129905989tmp"/>
    <property name="jdk.debug" value="release"/>
    <property name="surefire.test.class.path" value="C:\Users\tuyet tuyet\Desktop\project-group1\PROJECT-SEM1-BOOKSTORE\Bookstore\target\test-classes;C:\Users\tuyet tuyet\Desktop\project-group1\PROJECT-SEM1-BOOKSTORE\Bookstore\target\classes;C:\Users\tuyet tuyet\.m2\repository\junit\junit\4.11\junit-4.11.jar;C:\Users\tuyet tuyet\.m2\repository\org\hamcrest\hamcrest-core\1.3\hamcrest-core-1.3.jar;C:\Users\tuyet tuyet\.m2\repository\mysql\mysql-connector-java\8.0.18\mysql-connector-java-8.0.18.jar;C:\Users\tuyet tuyet\.m2\repository\com\google\protobuf\protobuf-java\3.6.1\protobuf-java-3.6.1.jar;"/>
    <property name="sun.cpu.endian" value="little"/>
    <property name="user.home" value="C:\Users\tuyet tuyet"/>
    <property name="user.language" value="en"/>
    <property name="java.specification.vendor" value="Oracle Corporation"/>
    <property name="java.version.date" value="2019-10-15"/>
    <property name="java.home" value="C:\Program Files\Java\jdk-13.0.1"/>
    <property name="file.separator" value="\"/>
    <property name="basedir" value="C:\Users\tuyet tuyet\Desktop\project-group1\PROJECT-SEM1-BOOKSTORE\Bookstore"/>
    <property name="java.vm.compressedOopsMode" value="32-bit"/>
    <property name="line.separator" value="&#10;"/>
    <property name="java.vm.specification.vendor" value="Oracle Corporation"/>
    <property name="java.specification.name" value="Java Platform API Specification"/>
    <property name="surefire.real.class.path" value="C:\Users\TUYETT~1\AppData\Local\Temp\surefire9093000012626160064\surefirebooter8936572434123768360.jar"/>
    <property name="user.script" value=""/>
    <property name="sun.management.compiler" value="HotSpot 64-Bit Tiered Compilers"/>
    <property name="java.runtime.version" value="13.0.1+9"/>
    <property name="user.name" value="tuyet tuyet"/>
    <property name="path.separator" value=";"/>
    <property name="os.version" value="10.0"/>
    <property name="java.runtime.name" value="Java(TM) SE Runtime Environment"/>
    <property name="file.encoding" value="Cp1252"/>
    <property name="java.vm.name" value="Java HotSpot(TM) 64-Bit Server VM"/>
    <property name="localRepository" value="C:\Users\tuyet tuyet\.m2\repository"/>
    <property name="java.vendor.url.bug" value="https://bugreport.java.com/bugreport/"/>
    <property name="java.io.tmpdir" value="C:\Users\TUYETT~1\AppData\Local\Temp\"/>
    <property name="java.version" value="13.0.1"/>
    <property name="user.dir" value="C:\Users\tuyet tuyet\Desktop\project-group1\PROJECT-SEM1-BOOKSTORE\Bookstore"/>
    <property name="os.arch" value="amd64"/>
    <property name="java.vm.specification.name" value="Java Virtual Machine Specification"/>
    <property name="sun.os.patch.level" value=""/>
    <property name="java.library.path" value="C:\Program Files\Java\jdk-13.0.1\bin;C:\WINDOWS\Sun\Java\bin;C:\WINDOWS\system32;C:\WINDOWS;C:\WINDOWS\system32;C:\WINDOWS;C:\WINDOWS\System32\Wbem;C:\WINDOWS\System32\WindowsPowerShell\v1.0\;C:\WINDOWS\System32\OpenSSH\;C:\Program Files (x86)\Intel\Intel(R) Management Engine Components\DAL;C:\Program Files\Intel\Intel(R) Management Engine Components\DAL;C:\TDM-GCC-64\bin;C:\Program Files\Microsoft SQL Server\Client SDK\ODBC\170\Tools\Binn\;C:\Program Files (x86)\Microsoft SQL Server\150\Tools\Binn\;C:\Program Files\Microsoft SQL Server\150\Tools\Binn\;C:\Program Files\Microsoft SQL Server\150\DTS\Binn\;C:\Program Files (x86)\Microsoft SQL Server\150\DTS\Binn\;C:\Program Files\Java\jdk-13.0.1\bin;C:\Program Files\Git\cmd;C:\apache-maven-3.6.3\bin;C:\Users\tuyet tuyet\AppData\Local\Microsoft\WindowsApps;C:\Users\tuyet tuyet\AppData\Local\Programs\Microsoft VS Code\bin;C:\TDM-GCC-64\bin;C:\Program Files\MySQL\MySQL Server 8.0\bin;;."/>
    <property name="java.vm.info" value="mixed mode, sharing"/>
    <property name="java.vendor" value="Oracle Corporation"/>
    <property name="java.vm.version" value="13.0.1+9"/>
    <property name="sun.io.unicode.encoding" value="UnicodeLittle"/>
    <property name="java.class.version" value="57.0"/>
  </properties>
  <testcase name="getAllDalTest" classname="vn.edu.vtc.dal.CustomerDalTest" time="0.014"/>
  <testcase name="login1" classname="vn.edu.vtc.dal.CustomerDalTest" time="0.061"/>
  <testcase name="login2" classname="vn.edu.vtc.dal.CustomerDalTest" time="0.018"/>
  <testcase name="login3" classname="vn.edu.vtc.dal.CustomerDalTest" time="0.023"/>
  <testcase name="login4" classname="vn.edu.vtc.dal.CustomerDalTest" time="0.025"/>
  <testcase name="updateCustomerPasswordTest1" classname="vn.edu.vtc.dal.CustomerDalTest" time="0.103"/>
  <testcase name="updateCustomerPasswordTest2" classname="vn.edu.vtc.dal.CustomerDalTest" time="0.106"/>
  <testcase name="updateCustomerPasswordTest3" classname="vn.edu.vtc.dal.CustomerDalTest" time="0.078"/>
  <testcase name="insertAddressTest1" classname="vn.edu.vtc.dal.CustomerDalTest" time="0.1"/>
  <testcase name="insertAddressTest2" classname="vn.edu.vtc.dal.CustomerDalTest" time="0.221"/>
  <testcase name="insertAddressTest3" classname="vn.edu.vtc.dal.CustomerDalTest" time="0.189"/>
  <testcase name="insertAddressTest4" classname="vn.edu.vtc.dal.CustomerDalTest" time="0.12"/>
  <testcase name="updateAddressTest1" classname="vn.edu.vtc.dal.CustomerDalTest" time="0.046"/>
  <testcase name="updateAddressTest2" classname="vn.edu.vtc.dal.CustomerDalTest" time="0.046"/>
  <testcase name="updateStaterAddressTest1" classname="vn.edu.vtc.dal.CustomerDalTest" time="0.016"/>
  <testcase name="searchAddressTest1" classname="vn.edu.vtc.dal.CustomerDalTest" time="0.277"/>
  <testcase name="updateCustomerBirthTest1" classname="vn.edu.vtc.dal.CustomerDalTest" time="0.07"/>
  <testcase name="updateCustomerBirthTest2" classname="vn.edu.vtc.dal.CustomerDalTest" time="0.089"/>
  <testcase name="updateCustomerBirthTest3" classname="vn.edu.vtc.dal.CustomerDalTest" time="0.099"/>
  <testcase name="getAllCustomerTest1" classname="vn.edu.vtc.dal.CustomerDalTest" time="0.012"/>
  <testcase name="updateCustomerEmailTest1" classname="vn.edu.vtc.dal.CustomerDalTest" time="0.108"/>
  <testcase name="updateCustomerEmailTest2" classname="vn.edu.vtc.dal.CustomerDalTest" time="0.203"/>
  <testcase name="updateCustomerEmailTest3" classname="vn.edu.vtc.dal.CustomerDalTest" time="0.212"/>
  <testcase name="updateDefaultAddressTest1" classname="vn.edu.vtc.dal.CustomerDalTest" time="0.021"/>
  <testcase name="updateCustomerNameTest1" classname="vn.edu.vtc.dal.CustomerDalTest" time="0.091"/>
  <testcase name="updateCustomerNameTest2" classname="vn.edu.vtc.dal.CustomerDalTest" time="0.088"/>
  <testcase name="updateCustomerNameTest3" classname="vn.edu.vtc.dal.CustomerDalTest" time="0.064"/>
  <testcase name="updateCustomerGenderTest1" classname="vn.edu.vtc.dal.CustomerDalTest" time="0.066"/>
  <testcase name="updateCustomerGenderTest2" classname="vn.edu.vtc.dal.CustomerDalTest" time="0.111"/>
  <testcase name="displayAddressTest1" classname="vn.edu.vtc.dal.CustomerDalTest" time="0.176"/>
  <testcase name="updatePhoneAddressTest1" classname="vn.edu.vtc.dal.CustomerDalTest" time="0.114"/>
  <testcase name="updatePhoneAddressTest2" classname="vn.edu.vtc.dal.CustomerDalTest" time="0.111"/>
  <testcase name="updatePhoneAddressTest3" classname="vn.edu.vtc.dal.CustomerDalTest" time="0.117"/>
  <testcase name="updateCustomerPhoneTest1" classname="vn.edu.vtc.dal.CustomerDalTest" time="0.116"/>
  <testcase name="updateCustomerPhoneTest2" classname="vn.edu.vtc.dal.CustomerDalTest" time="0.155"/>
  <testcase name="updateCustomerPhoneTest3" classname="vn.edu.vtc.dal.CustomerDalTest" time="0.134"/>
  <testcase name="detailCustomerTest" classname="vn.edu.vtc.dal.CustomerDalTest" time="0.01"/>
  <testcase name="updateNameAddressTest1" classname="vn.edu.vtc.dal.CustomerDalTest" time="0.085"/>
  <testcase name="updateNameAddressTest2" classname="vn.edu.vtc.dal.CustomerDalTest" time="0.138"/>
  <testcase name="updateNameAddressTest3" classname="vn.edu.vtc.dal.CustomerDalTest" time="0.162"/>
</testsuite>